build/app/intermediates/manifest_merge_blame_file/release/manifest-merger-blame-release-report.txt
1<?xml version="1.0" encoding="utf-8"?>
2<manifest xmlns:android="http://schemas.android.com/apk/res/android"
3    package="com.prestaqi.prestaqi"
4    android:versionCode="18"
5    android:versionName="1.0.17" >
6
7    <uses-sdk
8        android:minSdkVersion="16"
8-->src\main\AndroidManifest.xml
9        android:targetSdkVersion="29" />
9-->src\main\AndroidManifest.xml
10    <!--
11         io.flutter.app.FlutterApplication is an android.app.Application that
12         calls FlutterMain.startInitialization(this); in its onCreate method.
13         In most cases you can leave this as-is, but you if you want to provide
14         additional functionality it is fine to subclass or reimplement
15         FlutterApplication and put your custom class here.
16    -->
17    <uses-permission android:name="android.permission.INTERNET" />
17-->src\main\AndroidManifest.xml:8:5-66
17-->src\main\AndroidManifest.xml:8:22-64
18    <uses-permission android:name="android.permission.RECEIVE_BOOT_COMPLETED" />
18-->src\main\AndroidManifest.xml:9:5-80
18-->src\main\AndroidManifest.xml:9:22-78
19    <uses-permission android:name="com.android.vending.BILLING" />
19-->src\main\AndroidManifest.xml:10:5-67
19-->src\main\AndroidManifest.xml:10:22-64
20    <uses-permission android:name="android.permission.VIBRATE" />
20-->src\main\AndroidManifest.xml:11:5-66
20-->src\main\AndroidManifest.xml:11:22-63
21    <uses-permission android:name="android.permission.GET_ACCOUNTS" />
21-->src\main\AndroidManifest.xml:12:5-70
21-->src\main\AndroidManifest.xml:12:22-68
22    <uses-permission android:name="com.google.android.c2dm.permission.RECEIVE" />
22-->src\main\AndroidManifest.xml:13:5-82
22-->src\main\AndroidManifest.xml:13:22-79
23    <uses-permission android:name="android.permission.WRITE_EXTERNAL_STORAGE" />
23-->src\main\AndroidManifest.xml:14:5-80
23-->src\main\AndroidManifest.xml:14:22-78
24    <uses-permission android:name="android.permission.READ_EXTERNAL_STORAGE" />
24-->src\main\AndroidManifest.xml:15:5-80
24-->src\main\AndroidManifest.xml:15:22-77
25    <uses-permission android:name="android.permission.ACCESS_NETWORK_STATE" />
25-->[com.google.android.gms:play-services-measurement:17.2.2] AndroidManifest.xml:24:5-79
25-->[com.google.android.gms:play-services-measurement:17.2.2] AndroidManifest.xml:24:22-76
26    <uses-permission android:name="android.permission.WAKE_LOCK" />
26-->[com.google.android.gms:play-services-measurement:17.2.2] AndroidManifest.xml:25:5-68
26-->[com.google.android.gms:play-services-measurement:17.2.2] AndroidManifest.xml:25:22-65
27    <uses-permission android:name="com.google.android.finsky.permission.BIND_GET_INSTALL_REFERRER_SERVICE" /> <!-- for android -->
27-->[com.google.android.gms:play-services-measurement:17.2.2] AndroidManifest.xml:26:5-110
27-->[com.google.android.gms:play-services-measurement:17.2.2] AndroidManifest.xml:26:22-107
28    <!-- <uses-permission android:name="com.android.launcher.permission.READ_SETTINGS"/> -->
29    <!-- <uses-permission android:name="com.android.launcher.permission.WRITE_SETTINGS"/> -->
30    <!-- <uses-permission android:name="com.android.launcher.permission.INSTALL_SHORTCUT" /> -->
31    <!-- <uses-permission android:name="com.android.launcher.permission.UNINSTALL_SHORTCUT" /> -->
32    <!-- for Samsung -->
33    <uses-permission android:name="com.sec.android.provider.badge.permission.READ" />
33-->[me.leolin:ShortcutBadger:1.1.22] AndroidManifest.xml:19:5-86
33-->[me.leolin:ShortcutBadger:1.1.22] AndroidManifest.xml:19:22-83
34    <uses-permission android:name="com.sec.android.provider.badge.permission.WRITE" /> <!-- for htc -->
34-->[me.leolin:ShortcutBadger:1.1.22] AndroidManifest.xml:20:5-87
34-->[me.leolin:ShortcutBadger:1.1.22] AndroidManifest.xml:20:22-84
35    <uses-permission android:name="com.htc.launcher.permission.READ_SETTINGS" />
35-->[me.leolin:ShortcutBadger:1.1.22] AndroidManifest.xml:23:5-81
35-->[me.leolin:ShortcutBadger:1.1.22] AndroidManifest.xml:23:22-78
36    <uses-permission android:name="com.htc.launcher.permission.UPDATE_SHORTCUT" /> <!-- for sony -->
36-->[me.leolin:ShortcutBadger:1.1.22] AndroidManifest.xml:24:5-83
36-->[me.leolin:ShortcutBadger:1.1.22] AndroidManifest.xml:24:22-80
37    <uses-permission android:name="com.sonyericsson.home.permission.BROADCAST_BADGE" />
37-->[me.leolin:ShortcutBadger:1.1.22] AndroidManifest.xml:27:5-88
37-->[me.leolin:ShortcutBadger:1.1.22] AndroidManifest.xml:27:22-85
38    <uses-permission android:name="com.sonymobile.home.permission.PROVIDER_INSERT_BADGE" /> <!-- for apex -->
38-->[me.leolin:ShortcutBadger:1.1.22] AndroidManifest.xml:28:5-92
38-->[me.leolin:ShortcutBadger:1.1.22] AndroidManifest.xml:28:22-89
39    <uses-permission android:name="com.anddoes.launcher.permission.UPDATE_COUNT" /> <!-- for solid -->
39-->[me.leolin:ShortcutBadger:1.1.22] AndroidManifest.xml:31:5-84
39-->[me.leolin:ShortcutBadger:1.1.22] AndroidManifest.xml:31:22-81
40    <uses-permission android:name="com.majeur.launcher.permission.UPDATE_BADGE" /> <!-- for huawei -->
40-->[me.leolin:ShortcutBadger:1.1.22] AndroidManifest.xml:34:5-83
40-->[me.leolin:ShortcutBadger:1.1.22] AndroidManifest.xml:34:22-80
41    <uses-permission android:name="com.huawei.android.launcher.permission.CHANGE_BADGE" />
41-->[me.leolin:ShortcutBadger:1.1.22] AndroidManifest.xml:37:5-91
41-->[me.leolin:ShortcutBadger:1.1.22] AndroidManifest.xml:37:22-88
42    <uses-permission android:name="com.huawei.android.launcher.permission.READ_SETTINGS" />
42-->[me.leolin:ShortcutBadger:1.1.22] AndroidManifest.xml:38:5-92
42-->[me.leolin:ShortcutBadger:1.1.22] AndroidManifest.xml:38:22-89
43    <uses-permission android:name="com.huawei.android.launcher.permission.WRITE_SETTINGS" /> <!-- for ZUK -->
43-->[me.leolin:ShortcutBadger:1.1.22] AndroidManifest.xml:39:5-93
43-->[me.leolin:ShortcutBadger:1.1.22] AndroidManifest.xml:39:22-90
44    <uses-permission android:name="android.permission.READ_APP_BADGE" /> <!-- for OPPO -->
44-->[me.leolin:ShortcutBadger:1.1.22] AndroidManifest.xml:42:5-73
44-->[me.leolin:ShortcutBadger:1.1.22] AndroidManifest.xml:42:22-70
45    <uses-permission android:name="com.oppo.launcher.permission.READ_SETTINGS" />
45-->[me.leolin:ShortcutBadger:1.1.22] AndroidManifest.xml:45:5-82
45-->[me.leolin:ShortcutBadger:1.1.22] AndroidManifest.xml:45:22-79
46    <uses-permission android:name="com.oppo.launcher.permission.WRITE_SETTINGS" /> <!-- for EvMe -->
46-->[me.leolin:ShortcutBadger:1.1.22] AndroidManifest.xml:46:5-83
46-->[me.leolin:ShortcutBadger:1.1.22] AndroidManifest.xml:46:22-80
47    <uses-permission android:name="me.everything.badger.permission.BADGE_COUNT_READ" />
47-->[me.leolin:ShortcutBadger:1.1.22] AndroidManifest.xml:49:5-88
47-->[me.leolin:ShortcutBadger:1.1.22] AndroidManifest.xml:49:22-85
48    <uses-permission android:name="me.everything.badger.permission.BADGE_COUNT_WRITE" />
48-->[me.leolin:ShortcutBadger:1.1.22] AndroidManifest.xml:50:5-89
48-->[me.leolin:ShortcutBadger:1.1.22] AndroidManifest.xml:50:22-86
49
50    <application
50-->src\main\AndroidManifest.xml:17:5-61:19
51        android:name="io.flutter.app.FlutterApplication"
51-->src\main\AndroidManifest.xml:18:9-57
52        android:appComponentFactory="androidx.core.app.CoreComponentFactory"
52-->[androidx.core:core:1.2.0] AndroidManifest.xml:24:18-86
53        android:icon="@mipmap/ic_launcher"
53-->src\main\AndroidManifest.xml:20:9-43
54        android:label="prestaQi" >
54-->src\main\AndroidManifest.xml:19:9-33
55        <activity
55-->src\main\AndroidManifest.xml:21:9-54:20
56            android:name="com.prestaqi.prestaqi.MainActivity"
56-->src\main\AndroidManifest.xml:22:13-41
57            android:configChanges="orientation|keyboardHidden|keyboard|screenSize|smallestScreenSize|locale|layoutDirection|fontScale|screenLayout|density|uiMode"
57-->src\main\AndroidManifest.xml:25:13-163
58            android:hardwareAccelerated="true"
58-->src\main\AndroidManifest.xml:26:13-47
59            android:launchMode="singleTop"
59-->src\main\AndroidManifest.xml:23:13-43
60            android:theme="@style/LaunchTheme"
60-->src\main\AndroidManifest.xml:24:13-47
61            android:windowSoftInputMode="adjustResize" >
61-->src\main\AndroidManifest.xml:27:13-55
62
63            <!--
64                 Specifies an Android theme to apply to this Activity as soon as
65                 the Android process has started. This theme is visible to the user
66                 while the Flutter UI initializes. After that, this theme continues
67                 to determine the Window background behind the Flutter UI.
68            -->
69            <meta-data
69-->src\main\AndroidManifest.xml:32:13-35:17
70                android:name="io.flutter.embedding.android.NormalTheme"
70-->src\main\AndroidManifest.xml:33:15-70
71                android:resource="@style/NormalTheme" />
71-->src\main\AndroidManifest.xml:34:15-52
72            <!--
73                 Displays an Android View that continues showing the launch screen
74                 Drawable until Flutter paints its first frame, then this splash
75                 screen fades out. A splash screen is useful to avoid any visual
76                 gap between the end of Android's launch screen and the painting of
77                 Flutter's first frame.
78            -->
79            <meta-data
79-->src\main\AndroidManifest.xml:41:13-44:17
80                android:name="io.flutter.embedding.android.SplashScreenDrawable"
80-->src\main\AndroidManifest.xml:42:15-79
81                android:resource="@drawable/launch_background" />
81-->src\main\AndroidManifest.xml:43:15-61
82
83            <intent-filter>
83-->src\main\AndroidManifest.xml:45:13-48:29
84                <action android:name="android.intent.action.MAIN" />
84-->src\main\AndroidManifest.xml:46:17-68
84-->src\main\AndroidManifest.xml:46:25-66
85
86                <category android:name="android.intent.category.LAUNCHER" />
86-->src\main\AndroidManifest.xml:47:17-76
86-->src\main\AndroidManifest.xml:47:27-74
87            </intent-filter>
88            <intent-filter>
88-->src\main\AndroidManifest.xml:50:13-53:29
89                <action android:name="FLUTTER_NOTIFICATION_CLICK" />
89-->src\main\AndroidManifest.xml:51:15-67
89-->src\main\AndroidManifest.xml:51:23-64
90
91                <category android:name="android.intent.category.DEFAULT" />
91-->src\main\AndroidManifest.xml:52:15-74
91-->src\main\AndroidManifest.xml:52:25-71
92            </intent-filter>
93        </activity>
94        <!--
95             Don't delete the meta-data below.
96             This is used by the Flutter tool to generate GeneratedPluginRegistrant.java
97        -->
98        <meta-data
98-->src\main\AndroidManifest.xml:57:9-59:33
99            android:name="flutterEmbedding"
99-->src\main\AndroidManifest.xml:58:13-44
100            android:value="2" />
100-->src\main\AndroidManifest.xml:59:13-30
101
102        <provider
102-->[:image_picker] AndroidManifest.xml:11:9-19:20
103            android:name="io.flutter.plugins.imagepicker.ImagePickerFileProvider"
103-->[:image_picker] AndroidManifest.xml:12:13-82
104            android:authorities="com.prestaqi.prestaqi.flutter.image_provider"
104-->[:image_picker] AndroidManifest.xml:13:13-74
105            android:exported="false"
105-->[:image_picker] AndroidManifest.xml:14:13-37
106            android:grantUriPermissions="true" >
106-->[:image_picker] AndroidManifest.xml:15:13-47
107            <meta-data
107-->[:image_picker] AndroidManifest.xml:16:13-18:75
108                android:name="android.support.FILE_PROVIDER_PATHS"
108-->[:image_picker] AndroidManifest.xml:17:17-67
109                android:resource="@xml/flutter_image_picker_file_paths" />
109-->[:image_picker] AndroidManifest.xml:18:17-72
110        </provider>
111        <provider
111-->[:flutter_webview_plugin] AndroidManifest.xml:9:9-18:20
112            android:name="androidx.core.content.FileProvider"
112-->[:flutter_webview_plugin] AndroidManifest.xml:10:13-62
113            android:authorities="com.prestaqi.prestaqi.fileprovider"
113-->[:flutter_webview_plugin] AndroidManifest.xml:11:13-64
114            android:exported="false"
114-->[:flutter_webview_plugin] AndroidManifest.xml:12:13-37
115            android:grantUriPermissions="true" >
115-->[:flutter_webview_plugin] AndroidManifest.xml:13:13-47
116            <meta-data
116-->[:image_picker] AndroidManifest.xml:16:13-18:75
117                android:name="android.support.FILE_PROVIDER_PATHS"
117-->[:image_picker] AndroidManifest.xml:17:17-67
118                android:resource="@xml/filepaths" />
118-->[:image_picker] AndroidManifest.xml:18:17-72
119        </provider>
120
121        <service android:name="io.flutter.plugins.firebasemessaging.FlutterFirebaseMessagingService" >
121-->[:firebase_messaging] AndroidManifest.xml:8:9-12:19
121-->[:firebase_messaging] AndroidManifest.xml:8:18-101
122            <intent-filter>
122-->[:firebase_messaging] AndroidManifest.xml:9:13-11:29
123                <action android:name="com.google.firebase.MESSAGING_EVENT" />
123-->[:firebase_messaging] AndroidManifest.xml:10:17-78
123-->[:firebase_messaging] AndroidManifest.xml:10:25-75
124            </intent-filter>
125        </service>
126        <service
126-->[:firebase_messaging] AndroidManifest.xml:13:9-17:19
127            android:name="com.google.firebase.components.ComponentDiscoveryService"
127-->[:firebase_messaging] AndroidManifest.xml:13:18-89
128            android:directBootAware="true"
128-->[com.google.firebase:firebase-common:19.3.0] AndroidManifest.xml:34:13-43
129            android:exported="false" >
129-->[com.google.android.gms:play-services-measurement-api:17.2.2] AndroidManifest.xml:29:13-37
130            <meta-data
130-->[:firebase_messaging] AndroidManifest.xml:14:13-16:85
131                android:name="com.google.firebase.components:io.flutter.plugins.firebasemessaging.FlutterFirebaseAppRegistrar"
131-->[:firebase_messaging] AndroidManifest.xml:15:17-127
132                android:value="com.google.firebase.components.ComponentRegistrar" />
132-->[:firebase_messaging] AndroidManifest.xml:16:17-82
133            <meta-data
133-->[:firebase_core] AndroidManifest.xml:9:13-11:85
134                android:name="com.google.firebase.components:io.flutter.plugins.firebase.core.FlutterFirebaseAppRegistrar"
134-->[:firebase_core] AndroidManifest.xml:10:17-123
135                android:value="com.google.firebase.components.ComponentRegistrar" />
135-->[:firebase_core] AndroidManifest.xml:11:17-82
136            <meta-data
136-->[com.google.android.gms:play-services-measurement-api:17.2.2] AndroidManifest.xml:30:13-32:85
137                android:name="com.google.firebase.components:com.google.firebase.analytics.connector.internal.AnalyticsConnectorRegistrar"
137-->[com.google.android.gms:play-services-measurement-api:17.2.2] AndroidManifest.xml:31:17-139
138                android:value="com.google.firebase.components.ComponentRegistrar" />
138-->[com.google.android.gms:play-services-measurement-api:17.2.2] AndroidManifest.xml:32:17-82
139            <meta-data
139-->[com.google.firebase:firebase-iid:20.0.2] AndroidManifest.xml:32:13-34:85
140                android:name="com.google.firebase.components:com.google.firebase.iid.Registrar"
140-->[com.google.firebase:firebase-iid:20.0.2] AndroidManifest.xml:33:17-96
141                android:value="com.google.firebase.components.ComponentRegistrar" />
141-->[com.google.firebase:firebase-iid:20.0.2] AndroidManifest.xml:34:17-82
142        </service>
143
144        <provider
144-->[:esys_flutter_share] AndroidManifest.xml:8:9-16:20
145            android:name="de.esys.esysfluttershare.EsysFlutterShareFileProvider"
145-->[:esys_flutter_share] AndroidManifest.xml:9:13-81
146            android:authorities="com.prestaqi.prestaqi.fileprovider.github.com/orgs/esysberlin/esys-flutter-share"
146-->[:esys_flutter_share] AndroidManifest.xml:10:13-110
147            android:exported="false"
147-->[:esys_flutter_share] AndroidManifest.xml:11:13-37
148            android:grantUriPermissions="true" >
148-->[:esys_flutter_share] AndroidManifest.xml:12:13-47
149            <meta-data
149-->[:image_picker] AndroidManifest.xml:16:13-18:75
150                android:name="android.support.FILE_PROVIDER_PATHS"
150-->[:image_picker] AndroidManifest.xml:17:17-67
151                android:resource="@xml/esys_flutter_share_filepaths" />
151-->[:image_picker] AndroidManifest.xml:18:17-72
152        </provider>
153
154        <receiver
154-->[com.google.android.gms:play-services-measurement:17.2.2] AndroidManifest.xml:29:9-33:20
155            android:name="com.google.android.gms.measurement.AppMeasurementReceiver"
155-->[com.google.android.gms:play-services-measurement:17.2.2] AndroidManifest.xml:30:13-85
156            android:enabled="true"
156-->[com.google.android.gms:play-services-measurement:17.2.2] AndroidManifest.xml:31:13-35
157            android:exported="false" >
157-->[com.google.android.gms:play-services-measurement:17.2.2] AndroidManifest.xml:32:13-37
158        </receiver>
159        <receiver
159-->[com.google.android.gms:play-services-measurement:17.2.2] AndroidManifest.xml:34:9-42:20
160            android:name="com.google.android.gms.measurement.AppMeasurementInstallReferrerReceiver"
160-->[com.google.android.gms:play-services-measurement:17.2.2] AndroidManifest.xml:35:13-100
161            android:enabled="true"
161-->[com.google.android.gms:play-services-measurement:17.2.2] AndroidManifest.xml:36:13-35
162            android:exported="true"
162-->[com.google.android.gms:play-services-measurement:17.2.2] AndroidManifest.xml:37:13-36
163            android:permission="android.permission.INSTALL_PACKAGES" >
163-->[com.google.android.gms:play-services-measurement:17.2.2] AndroidManifest.xml:38:13-69
164            <intent-filter>
164-->[com.google.android.gms:play-services-measurement:17.2.2] AndroidManifest.xml:39:13-41:29
165                <action android:name="com.android.vending.INSTALL_REFERRER" />
165-->[com.google.android.gms:play-services-measurement:17.2.2] AndroidManifest.xml:40:17-79
165-->[com.google.android.gms:play-services-measurement:17.2.2] AndroidManifest.xml:40:25-76
166            </intent-filter>
167        </receiver>
168
169        <service
169-->[com.google.android.gms:play-services-measurement:17.2.2] AndroidManifest.xml:44:9-47:40
170            android:name="com.google.android.gms.measurement.AppMeasurementService"
170-->[com.google.android.gms:play-services-measurement:17.2.2] AndroidManifest.xml:45:13-84
171            android:enabled="true"
171-->[com.google.android.gms:play-services-measurement:17.2.2] AndroidManifest.xml:46:13-35
172            android:exported="false" />
172-->[com.google.android.gms:play-services-measurement:17.2.2] AndroidManifest.xml:47:13-37
173        <service
173-->[com.google.android.gms:play-services-measurement:17.2.2] AndroidManifest.xml:48:9-52:72
174            android:name="com.google.android.gms.measurement.AppMeasurementJobService"
174-->[com.google.android.gms:play-services-measurement:17.2.2] AndroidManifest.xml:49:13-87
175            android:enabled="true"
175-->[com.google.android.gms:play-services-measurement:17.2.2] AndroidManifest.xml:50:13-35
176            android:exported="false"
176-->[com.google.android.gms:play-services-measurement:17.2.2] AndroidManifest.xml:51:13-37
177            android:permission="android.permission.BIND_JOB_SERVICE" />
177-->[com.google.android.gms:play-services-measurement:17.2.2] AndroidManifest.xml:52:13-69
178        <!--
179             FirebaseMessagingService performs security checks at runtime,
180             but set to not exported to explicitly avoid allowing another app to call it.
181        -->
182        <service
182-->[com.google.firebase:firebase-messaging:20.0.1] AndroidManifest.xml:28:9-34:19
183            android:name="com.google.firebase.messaging.FirebaseMessagingService"
183-->[com.google.firebase:firebase-messaging:20.0.1] AndroidManifest.xml:29:13-82
184            android:exported="false" >
184-->[com.google.firebase:firebase-messaging:20.0.1] AndroidManifest.xml:30:13-37
185            <intent-filter android:priority="-500" >
185-->[:firebase_messaging] AndroidManifest.xml:9:13-11:29
186                <action android:name="com.google.firebase.MESSAGING_EVENT" />
186-->[:firebase_messaging] AndroidManifest.xml:10:17-78
186-->[:firebase_messaging] AndroidManifest.xml:10:25-75
187            </intent-filter>
188        </service>
189
190        <receiver
190-->[com.google.firebase:firebase-iid:20.0.2] AndroidManifest.xml:37:9-44:20
191            android:name="com.google.firebase.iid.FirebaseInstanceIdReceiver"
191-->[com.google.firebase:firebase-iid:20.0.2] AndroidManifest.xml:38:13-78
192            android:exported="true"
192-->[com.google.firebase:firebase-iid:20.0.2] AndroidManifest.xml:39:13-36
193            android:permission="com.google.android.c2dm.permission.SEND" >
193-->[com.google.firebase:firebase-iid:20.0.2] AndroidManifest.xml:40:13-73
194            <intent-filter>
194-->[com.google.firebase:firebase-iid:20.0.2] AndroidManifest.xml:41:13-43:29
195                <action android:name="com.google.android.c2dm.intent.RECEIVE" />
195-->[com.google.firebase:firebase-iid:20.0.2] AndroidManifest.xml:42:17-81
195-->[com.google.firebase:firebase-iid:20.0.2] AndroidManifest.xml:42:25-78
196            </intent-filter>
197        </receiver>
198
199        <provider
199-->[com.google.firebase:firebase-common:19.3.0] AndroidManifest.xml:26:9-30:39
200            android:name="com.google.firebase.provider.FirebaseInitProvider"
200-->[com.google.firebase:firebase-common:19.3.0] AndroidManifest.xml:27:13-77
201            android:authorities="com.prestaqi.prestaqi.firebaseinitprovider"
201-->[com.google.firebase:firebase-common:19.3.0] AndroidManifest.xml:28:13-72
202            android:exported="false"
202-->[com.google.firebase:firebase-common:19.3.0] AndroidManifest.xml:29:13-37
203            android:initOrder="100" />
203-->[com.google.firebase:firebase-common:19.3.0] AndroidManifest.xml:30:13-36
204
205        <activity
205-->[com.google.android.gms:play-services-base:17.0.0] AndroidManifest.xml:23:9-26:75
206            android:name="com.google.android.gms.common.api.GoogleApiActivity"
206-->[com.google.android.gms:play-services-base:17.0.0] AndroidManifest.xml:24:13-79
207            android:exported="false"
207-->[com.google.android.gms:play-services-base:17.0.0] AndroidManifest.xml:25:13-37
208            android:theme="@android:style/Theme.Translucent.NoTitleBar" />
208-->[com.google.android.gms:play-services-base:17.0.0] AndroidManifest.xml:26:13-72
209
210        <meta-data
210-->[com.google.android.gms:play-services-basement:17.0.0] AndroidManifest.xml:23:9-25:69
211            android:name="com.google.android.gms.version"
211-->[com.google.android.gms:play-services-basement:17.0.0] AndroidManifest.xml:24:13-58
212            android:value="@integer/google_play_services_version" />
212-->[com.google.android.gms:play-services-basement:17.0.0] AndroidManifest.xml:25:13-66
213
214        <activity
214-->[com.nabinbhandari.android:permissions:3.8] AndroidManifest.xml:12:9-14:67
215            android:name="com.nabinbhandari.android.permissions.PermissionsActivity"
215-->[com.nabinbhandari.android:permissions:3.8] AndroidManifest.xml:13:13-85
216            android:theme="@style/Permissions.TransparentTheme" />
216-->[com.nabinbhandari.android:permissions:3.8] AndroidManifest.xml:14:13-64
217    </application>
218
219</manifest>